{"total": {"lines":{"total":93,"covered":88,"skipped":0,"pct":94.62},"statements":{"total":93,"covered":88,"skipped":0,"pct":94.62},"functions":{"total":14,"covered":14,"skipped":0,"pct":100},"branches":{"total":40,"covered":35,"skipped":0,"pct":87.5},"branchesTrue":{"total":0,"covered":0,"skipped":0,"pct":100}}
,"C:\\Users\\Acer Nitro 5\\Desktop\\EPAM_AI_Tech_Bootcamp\\Module6\\backend\\src\\modules\\auth\\routes.ts": {"lines":{"total":13,"covered":13,"skipped":0,"pct":100},"functions":{"total":3,"covered":3,"skipped":0,"pct":100},"statements":{"total":13,"covered":13,"skipped":0,"pct":100},"branches":{"total":0,"covered":0,"skipped":0,"pct":100}}
,"C:\\Users\\Acer Nitro 5\\Desktop\\EPAM_AI_Tech_Bootcamp\\Module6\\backend\\src\\modules\\tasks\\routes.ts": {"lines":{"total":35,"covered":31,"skipped":0,"pct":88.57},"functions":{"total":5,"covered":5,"skipped":0,"pct":100},"statements":{"total":35,"covered":31,"skipped":0,"pct":88.57},"branches":{"total":12,"covered":8,"skipped":0,"pct":66.66}}
,"C:\\Users\\Acer Nitro 5\\Desktop\\EPAM_AI_Tech_Bootcamp\\Module6\\backend\\src\\services\\auth-service.ts": {"lines":{"total":23,"covered":23,"skipped":0,"pct":100},"functions":{"total":2,"covered":2,"skipped":0,"pct":100},"statements":{"total":23,"covered":23,"skipped":0,"pct":100},"branches":{"total":6,"covered":6,"skipped":0,"pct":100}}
,"C:\\Users\\Acer Nitro 5\\Desktop\\EPAM_AI_Tech_Bootcamp\\Module6\\backend\\src\\services\\task-service.ts": {"lines":{"total":22,"covered":21,"skipped":0,"pct":95.45},"functions":{"total":4,"covered":4,"skipped":0,"pct":100},"statements":{"total":22,"covered":21,"skipped":0,"pct":95.45},"branches":{"total":22,"covered":21,"skipped":0,"pct":95.45}}
}
