TN:
SF:src\modules\auth\routes.ts
FN:11,(anonymous_0)
FN:29,(anonymous_1)
FN:42,(anonymous_2)
FNF:3
FNH:3
FNDA:1,(anonymous_0)
FNDA:1,(anonymous_1)
FNDA:1,(anonymous_2)
DA:1,2
DA:2,2
DA:3,2
DA:4,2
DA:9,2
DA:11,2
DA:12,1
DA:14,1
DA:29,2
DA:30,1
DA:32,1
DA:42,2
DA:43,1
LF:13
LH:13
BRF:0
BRH:0
end_of_record
TN:
SF:src\modules\tasks\routes.ts
FN:10,normalizeArray
FN:29,(anonymous_1)
FN:50,(anonymous_2)
FN:59,(anonymous_3)
FN:81,(anonymous_4)
FNF:5
FNH:5
FNDA:15,normalizeArray
FNDA:5,(anonymous_1)
FNDA:2,(anonymous_2)
FNDA:2,(anonymous_3)
FNDA:2,(anonymous_4)
DA:1,2
DA:2,2
DA:3,2
DA:4,2
DA:5,2
DA:11,15
DA:12,10
DA:15,5
DA:16,2
DA:19,3
DA:25,2
DA:27,2
DA:29,2
DA:30,5
DA:32,5
DA:41,5
DA:50,2
DA:51,2
DA:53,2
DA:59,2
DA:60,2
DA:61,2
DA:63,2
DA:64,0
DA:70,0
DA:73,2
DA:75,2
DA:81,2
DA:82,2
DA:83,2
DA:85,2
DA:86,0
DA:92,0
DA:95,2
DA:96,2
LF:35
LH:31
BRDA:11,0,0,10
BRDA:11,0,1,5
BRDA:15,1,0,2
BRDA:15,1,1,3
BRDA:61,2,0,0
BRDA:61,2,1,2
BRDA:63,3,0,0
BRDA:63,3,1,2
BRDA:83,4,0,0
BRDA:83,4,1,2
BRDA:85,5,0,0
BRDA:85,5,1,2
BRF:12
BRH:8
end_of_record
TN:
SF:src\services\auth-service.ts
FN:13,registerUser
FN:54,loginUser
FNF:2
FNH:2
FNDA:2,registerUser
FNDA:3,loginUser
DA:1,2
DA:2,2
DA:4,2
DA:5,2
DA:6,2
DA:8,2
DA:13,2
DA:19,2
DA:21,2
DA:22,1
DA:25,1
DA:26,1
DA:32,1
DA:38,1
DA:54,2
DA:60,3
DA:62,3
DA:63,1
DA:66,2
DA:68,2
DA:69,1
DA:72,1
DA:78,1
LF:23
LH:23
BRDA:21,0,0,1
BRDA:21,0,1,1
BRDA:62,1,0,1
BRDA:62,1,1,2
BRDA:68,2,0,1
BRDA:68,2,1,1
BRF:6
BRH:6
end_of_record
TN:
SF:src\services\task-service.ts
FN:14,createUserTask
FN:43,updateUserTask
FN:76,deleteUserTask
FN:87,listUserTasks
FNF:4
FNH:4
FNDA:5,createUserTask
FNDA:2,updateUserTask
FNDA:2,deleteUserTask
FNDA:1,listUserTasks
DA:1,2
DA:7,2
DA:14,2
DA:19,5
DA:23,5
DA:33,5
DA:34,2
DA:37,3
DA:43,2
DA:49,2
DA:53,2
DA:62,2
DA:63,1
DA:66,1
DA:67,1
DA:70,0
DA:76,2
DA:77,2
DA:79,2
DA:80,1
DA:87,2
DA:88,1
LF:22
LH:21
BRDA:19,0,0,2
BRDA:19,0,1,3
BRDA:19,1,0,5
BRDA:19,1,1,5
BRDA:27,2,0,5
BRDA:27,2,1,5
BRDA:28,3,0,5
BRDA:28,3,1,5
BRDA:29,4,0,5
BRDA:29,4,1,5
BRDA:33,5,0,2
BRDA:33,5,1,3
BRDA:49,6,0,1
BRDA:49,6,1,1
BRDA:49,7,0,2
BRDA:49,7,1,1
BRDA:62,8,0,1
BRDA:62,8,1,1
BRDA:66,9,0,1
BRDA:66,9,1,0
BRDA:79,10,0,1
BRDA:79,10,1,1
BRF:22
BRH:21
end_of_record
